<far-manifest target="../../bin/test-skin.far">
	
	<priorities>
		<priority>high</priority>
		<priority>medium</priority>
		<priority>default</priority>
	</priorities>
	
	<source compress="1" priority="high"><path>test-skin/config.json</path><index>config.json</index></source>
	<source compress="1" priority="medium"><path>test-skin/button.png</path><index>button.png</index></source>
	
</far-manifest>
